
> kebede-hotel@0.1.0 start
> react-scripts start

Attempting to bind to HOST environment variable: 0.0.0.0
If this was unintentional, check that you haven't mistakenly set it in your shell.
Learn more here: https://cra.link/advanced-config

[HPM] Proxy created: /  -> http://localhost:8000
(node:21823) [DEP_WEBPACK_DEV_SERVER_ON_AFTER_SETUP_MIDDLEWARE] DeprecationWarning: 'onAfterSetupMiddleware' option is deprecated. Please use the 'setupMiddlewares' option.
(Use `node --trace-deprecation ...` to show where the warning was created)
(node:21823) [DEP_WEBPACK_DEV_SERVER_ON_BEFORE_SETUP_MIDDLEWARE] DeprecationWarning: 'onBeforeSetupMiddleware' option is deprecated. Please use the 'setupMiddlewares' option.
Starting the development server...

Compiled successfully!

You can now view kebede-hotel in the browser.

  Local:            http://localhost:3000
  On Your Network:  http://192.168.1.8:3000

Note that the development build is not optimized.
To create a production build, use npm run build.

webpack compiled successfully
Compiling...
Compiled with warnings.

[eslint] 
src/api/inventory.js
  Line 123:7:  'addNewCategory' is assigned a value but never used  no-unused-vars

Search for the keywords to learn more about each warning.
To ignore, add // eslint-disable-next-line to the line before.

WARNING in [eslint] 
src/api/inventory.js
  Line 123:7:  'addNewCategory' is assigned a value but never used  no-unused-vars

webpack compiled with 1 warning
Compiling...
Compiled with warnings.

[eslint] 
src/api/inventory.js
  Line 123:7:  'addNewCategory' is assigned a value but never used  no-unused-vars

Search for the keywords to learn more about each warning.
To ignore, add // eslint-disable-next-line to the line before.

WARNING in [eslint] 
src/api/inventory.js
  Line 123:7:  'addNewCategory' is assigned a value but never used  no-unused-vars

webpack compiled with 1 warning
Compiling...
Compiled with warnings.

[eslint] 
src/api/inventory.js
  Line 123:7:  'addNewCategory' is assigned a value but never used  no-unused-vars

src/pages/Bartender/Inventory/InventoryRequests.jsx
  Line 4:3:    'ReachRequest' is defined but never used                     no-unused-vars
  Line 5:3:    'NotReachRequest' is defined but never used                  no-unused-vars
  Line 41:31:  'setRefreshStockTrigger' is assigned a value but never used  no-unused-vars
  Line 137:9:  'handleNotReach' is assigned a value but never used          no-unused-vars

Search for the keywords to learn more about each warning.
To ignore, add // eslint-disable-next-line to the line before.

WARNING in [eslint] 
src/api/inventory.js
  Line 123:7:  'addNewCategory' is assigned a value but never used  no-unused-vars

src/pages/Bartender/Inventory/InventoryRequests.jsx
  Line 4:3:    'ReachRequest' is defined but never used                     no-unused-vars
  Line 5:3:    'NotReachRequest' is defined but never used                  no-unused-vars
  Line 41:31:  'setRefreshStockTrigger' is assigned a value but never used  no-unused-vars
  Line 137:9:  'handleNotReach' is assigned a value but never used          no-unused-vars

webpack compiled with 1 warning
Compiling...
Compiled with warnings.

[eslint] 
src/api/inventory.js
  Line 123:7:  'addNewCategory' is assigned a value but never used  no-unused-vars

src/pages/Bartender/Inventory/InventoryRequests.jsx
  Line 4:3:    'ReachRequest' is defined but never used                     no-unused-vars
  Line 5:3:    'NotReachRequest' is defined but never used                  no-unused-vars
  Line 41:31:  'setRefreshStockTrigger' is assigned a value but never used  no-unused-vars
  Line 137:9:  'handleNotReach' is assigned a value but never used          no-unused-vars

Search for the keywords to learn more about each warning.
To ignore, add // eslint-disable-next-line to the line before.

WARNING in [eslint] 
src/api/inventory.js
  Line 123:7:  'addNewCategory' is assigned a value but never used  no-unused-vars

src/pages/Bartender/Inventory/InventoryRequests.jsx
  Line 4:3:    'ReachRequest' is defined but never used                     no-unused-vars
  Line 5:3:    'NotReachRequest' is defined but never used                  no-unused-vars
  Line 41:31:  'setRefreshStockTrigger' is assigned a value but never used  no-unused-vars
  Line 137:9:  'handleNotReach' is assigned a value but never used          no-unused-vars

webpack compiled with 1 warning
Compiling...
Compiled with warnings.

[eslint] 
src/api/inventory.js
  Line 123:7:  'addNewCategory' is assigned a value but never used  no-unused-vars

src/pages/Bartender/Inventory/InventoryRequests.jsx
  Line 4:3:    'ReachRequest' is defined but never used                     no-unused-vars
  Line 5:3:    'NotReachRequest' is defined but never used                  no-unused-vars
  Line 41:31:  'setRefreshStockTrigger' is assigned a value but never used  no-unused-vars
  Line 137:9:  'handleNotReach' is assigned a value but never used          no-unused-vars

Search for the keywords to learn more about each warning.
To ignore, add // eslint-disable-next-line to the line before.

WARNING in [eslint] 
src/api/inventory.js
  Line 123:7:  'addNewCategory' is assigned a value but never used  no-unused-vars

src/pages/Bartender/Inventory/InventoryRequests.jsx
  Line 4:3:    'ReachRequest' is defined but never used                     no-unused-vars
  Line 5:3:    'NotReachRequest' is defined but never used                  no-unused-vars
  Line 41:31:  'setRefreshStockTrigger' is assigned a value but never used  no-unused-vars
  Line 137:9:  'handleNotReach' is assigned a value but never used          no-unused-vars

webpack compiled with 1 warning
Compiling...
Compiled with warnings.

[eslint] 
src/api/inventory.js
  Line 123:7:  'addNewCategory' is assigned a value but never used  no-unused-vars

src/pages/Bartender/Inventory/InventoryRequests.jsx
  Line 4:3:    'ReachRequest' is defined but never used                     no-unused-vars
  Line 5:3:    'NotReachRequest' is defined but never used                  no-unused-vars
  Line 41:31:  'setRefreshStockTrigger' is assigned a value but never used  no-unused-vars
  Line 137:9:  'handleNotReach' is assigned a value but never used          no-unused-vars

Search for the keywords to learn more about each warning.
To ignore, add // eslint-disable-next-line to the line before.

WARNING in [eslint] 
src/api/inventory.js
  Line 123:7:  'addNewCategory' is assigned a value but never used  no-unused-vars

src/pages/Bartender/Inventory/InventoryRequests.jsx
  Line 4:3:    'ReachRequest' is defined but never used                     no-unused-vars
  Line 5:3:    'NotReachRequest' is defined but never used                  no-unused-vars
  Line 41:31:  'setRefreshStockTrigger' is assigned a value but never used  no-unused-vars
  Line 137:9:  'handleNotReach' is assigned a value but never used          no-unused-vars

webpack compiled with 1 warning
Compiling...
Compiled with warnings.

[eslint] 
src/api/inventory.js
  Line 123:7:  'addNewCategory' is assigned a value but never used  no-unused-vars

src/pages/Bartender/Inventory/InventoryRequests.jsx
  Line 4:3:    'ReachRequest' is defined but never used                     no-unused-vars
  Line 5:3:    'NotReachRequest' is defined but never used                  no-unused-vars
  Line 41:31:  'setRefreshStockTrigger' is assigned a value but never used  no-unused-vars
  Line 135:9:  'handleNotReach' is assigned a value but never used          no-unused-vars

Search for the keywords to learn more about each warning.
To ignore, add // eslint-disable-next-line to the line before.

WARNING in [eslint] 
src/api/inventory.js
  Line 123:7:  'addNewCategory' is assigned a value but never used  no-unused-vars

src/pages/Bartender/Inventory/InventoryRequests.jsx
  Line 4:3:    'ReachRequest' is defined but never used                     no-unused-vars
  Line 5:3:    'NotReachRequest' is defined but never used                  no-unused-vars
  Line 41:31:  'setRefreshStockTrigger' is assigned a value but never used  no-unused-vars
  Line 135:9:  'handleNotReach' is assigned a value but never used          no-unused-vars

webpack compiled with 1 warning
Compiling...
Compiled with warnings.

[eslint] 
src/api/inventory.js
  Line 123:7:  'addNewCategory' is assigned a value but never used  no-unused-vars

src/pages/Bartender/Inventory/InventoryRequests.jsx
  Line 4:3:    'ReachRequest' is defined but never used                     no-unused-vars
  Line 5:3:    'NotReachRequest' is defined but never used                  no-unused-vars
  Line 41:31:  'setRefreshStockTrigger' is assigned a value but never used  no-unused-vars
  Line 135:9:  'handleNotReach' is assigned a value but never used          no-unused-vars

Search for the keywords to learn more about each warning.
To ignore, add // eslint-disable-next-line to the line before.

WARNING in [eslint] 
src/api/inventory.js
  Line 123:7:  'addNewCategory' is assigned a value but never used  no-unused-vars

src/pages/Bartender/Inventory/InventoryRequests.jsx
  Line 4:3:    'ReachRequest' is defined but never used                     no-unused-vars
  Line 5:3:    'NotReachRequest' is defined but never used                  no-unused-vars
  Line 41:31:  'setRefreshStockTrigger' is assigned a value but never used  no-unused-vars
  Line 135:9:  'handleNotReach' is assigned a value but never used          no-unused-vars

webpack compiled with 1 warning
Compiling...
Compiled with warnings.

[eslint] 
src/api/inventory.js
  Line 123:7:  'addNewCategory' is assigned a value but never used  no-unused-vars

src/pages/Bartender/Inventory/InventoryRequests.jsx
  Line 4:3:    'ReachRequest' is defined but never used                     no-unused-vars
  Line 5:3:    'NotReachRequest' is defined but never used                  no-unused-vars
  Line 41:31:  'setRefreshStockTrigger' is assigned a value but never used  no-unused-vars
  Line 135:9:  'handleNotReach' is assigned a value but never used          no-unused-vars

Search for the keywords to learn more about each warning.
To ignore, add // eslint-disable-next-line to the line before.

WARNING in [eslint] 
src/api/inventory.js
  Line 123:7:  'addNewCategory' is assigned a value but never used  no-unused-vars

src/pages/Bartender/Inventory/InventoryRequests.jsx
  Line 4:3:    'ReachRequest' is defined but never used                     no-unused-vars
  Line 5:3:    'NotReachRequest' is defined but never used                  no-unused-vars
  Line 41:31:  'setRefreshStockTrigger' is assigned a value but never used  no-unused-vars
  Line 135:9:  'handleNotReach' is assigned a value but never used          no-unused-vars

webpack compiled with 1 warning
Compiling...
Compiled with warnings.

[eslint] 
src/api/inventory.js
  Line 123:7:  'addNewCategory' is assigned a value but never used  no-unused-vars

src/pages/Bartender/Inventory/InventoryRequests.jsx
  Line 4:3:    'ReachRequest' is defined but never used                     no-unused-vars
  Line 5:3:    'NotReachRequest' is defined but never used                  no-unused-vars
  Line 41:31:  'setRefreshStockTrigger' is assigned a value but never used  no-unused-vars
  Line 132:9:  'handleNotReach' is assigned a value but never used          no-unused-vars

Search for the keywords to learn more about each warning.
To ignore, add // eslint-disable-next-line to the line before.

WARNING in [eslint] 
src/api/inventory.js
  Line 123:7:  'addNewCategory' is assigned a value but never used  no-unused-vars

src/pages/Bartender/Inventory/InventoryRequests.jsx
  Line 4:3:    'ReachRequest' is defined but never used                     no-unused-vars
  Line 5:3:    'NotReachRequest' is defined but never used                  no-unused-vars
  Line 41:31:  'setRefreshStockTrigger' is assigned a value but never used  no-unused-vars
  Line 132:9:  'handleNotReach' is assigned a value but never used          no-unused-vars

webpack compiled with 1 warning
Compiling...
Compiled with warnings.

[eslint] 
src/api/inventory.js
  Line 123:7:  'addNewCategory' is assigned a value but never used  no-unused-vars

src/pages/Bartender/Inventory/InventoryRequests.jsx
  Line 4:3:    'ReachRequest' is defined but never used                     no-unused-vars
  Line 5:3:    'NotReachRequest' is defined but never used                  no-unused-vars
  Line 41:31:  'setRefreshStockTrigger' is assigned a value but never used  no-unused-vars
  Line 132:9:  'handleNotReach' is assigned a value but never used          no-unused-vars

src/pages/waiter/order/OrderList.jsx
  Line 32:28:  'setManualRefreshKey' is assigned a value but never used  no-unused-vars

Search for the keywords to learn more about each warning.
To ignore, add // eslint-disable-next-line to the line before.

WARNING in [eslint] 
src/api/inventory.js
  Line 123:7:  'addNewCategory' is assigned a value but never used  no-unused-vars

src/pages/Bartender/Inventory/InventoryRequests.jsx
  Line 4:3:    'ReachRequest' is defined but never used                     no-unused-vars
  Line 5:3:    'NotReachRequest' is defined but never used                  no-unused-vars
  Line 41:31:  'setRefreshStockTrigger' is assigned a value but never used  no-unused-vars
  Line 132:9:  'handleNotReach' is assigned a value but never used          no-unused-vars

src/pages/waiter/order/OrderList.jsx
  Line 32:28:  'setManualRefreshKey' is assigned a value but never used  no-unused-vars

webpack compiled with 1 warning
Compiling...
Compiled with warnings.

[eslint] 
src/api/inventory.js
  Line 123:7:  'addNewCategory' is assigned a value but never used  no-unused-vars

src/pages/Bartender/Inventory/InventoryRequests.jsx
  Line 4:3:    'ReachRequest' is defined but never used                     no-unused-vars
  Line 5:3:    'NotReachRequest' is defined but never used                  no-unused-vars
  Line 41:31:  'setRefreshStockTrigger' is assigned a value but never used  no-unused-vars
  Line 132:9:  'handleNotReach' is assigned a value but never used          no-unused-vars

src/pages/waiter/order/OrderDetails.jsx
  Line 2:10:    'useAuth' is defined but never used                                                                                   no-unused-vars
  Line 9:10:    'loading' is assigned a value but never used                                                                          no-unused-vars
  Line 10:10:   'error' is assigned a value but never used                                                                            no-unused-vars
  Line 19:6:    React Hook useEffect has a missing dependency: 'fetchOrderDetails'. Either include it or remove the dependency array  react-hooks/exhaustive-deps
  Line 57:5:    Unreachable code                                                                                                      no-unreachable
  Line 146:42:  'window.location.href' is assigned to itself                                                                          no-self-assign

src/pages/waiter/order/OrderList.jsx
  Line 32:28:  'setManualRefreshKey' is assigned a value but never used  no-unused-vars

Search for the keywords to learn more about each warning.
To ignore, add // eslint-disable-next-line to the line before.

WARNING in [eslint] 
src/api/inventory.js
  Line 123:7:  'addNewCategory' is assigned a value but never used  no-unused-vars

src/pages/Bartender/Inventory/InventoryRequests.jsx
  Line 4:3:    'ReachRequest' is defined but never used                     no-unused-vars
  Line 5:3:    'NotReachRequest' is defined but never used                  no-unused-vars
  Line 41:31:  'setRefreshStockTrigger' is assigned a value but never used  no-unused-vars
  Line 132:9:  'handleNotReach' is assigned a value but never used          no-unused-vars

src/pages/waiter/order/OrderDetails.jsx
  Line 2:10:    'useAuth' is defined but never used                                                                                   no-unused-vars
  Line 9:10:    'loading' is assigned a value but never used                                                                          no-unused-vars
  Line 10:10:   'error' is assigned a value but never used                                                                            no-unused-vars
  Line 19:6:    React Hook useEffect has a missing dependency: 'fetchOrderDetails'. Either include it or remove the dependency array  react-hooks/exhaustive-deps
  Line 57:5:    Unreachable code                                                                                                      no-unreachable
  Line 146:42:  'window.location.href' is assigned to itself                                                                          no-self-assign

src/pages/waiter/order/OrderList.jsx
  Line 32:28:  'setManualRefreshKey' is assigned a value but never used  no-unused-vars

webpack compiled with 1 warning
Compiling...
Compiled with warnings.

[eslint] 
src/api/inventory.js
  Line 123:7:  'addNewCategory' is assigned a value but never used  no-unused-vars

src/pages/Bartender/Inventory/InventoryRequests.jsx
  Line 4:3:    'ReachRequest' is defined but never used                     no-unused-vars
  Line 5:3:    'NotReachRequest' is defined but never used                  no-unused-vars
  Line 41:31:  'setRefreshStockTrigger' is assigned a value but never used  no-unused-vars
  Line 132:9:  'handleNotReach' is assigned a value but never used          no-unused-vars

src/pages/waiter/order/OrderDetails.jsx
  Line 2:10:    'useAuth' is defined but never used                                                                                   no-unused-vars
  Line 9:10:    'loading' is assigned a value but never used                                                                          no-unused-vars
  Line 10:10:   'error' is assigned a value but never used                                                                            no-unused-vars
  Line 19:6:    React Hook useEffect has a missing dependency: 'fetchOrderDetails'. Either include it or remove the dependency array  react-hooks/exhaustive-deps
  Line 57:5:    Unreachable code                                                                                                      no-unreachable
  Line 146:42:  'window.location.href' is assigned to itself                                                                          no-self-assign

src/pages/waiter/order/OrderList.jsx
  Line 32:28:  'setManualRefreshKey' is assigned a value but never used  no-unused-vars

Search for the keywords to learn more about each warning.
To ignore, add // eslint-disable-next-line to the line before.

WARNING in [eslint] 
src/api/inventory.js
  Line 123:7:  'addNewCategory' is assigned a value but never used  no-unused-vars

src/pages/Bartender/Inventory/InventoryRequests.jsx
  Line 4:3:    'ReachRequest' is defined but never used                     no-unused-vars
  Line 5:3:    'NotReachRequest' is defined but never used                  no-unused-vars
  Line 41:31:  'setRefreshStockTrigger' is assigned a value but never used  no-unused-vars
  Line 132:9:  'handleNotReach' is assigned a value but never used          no-unused-vars

src/pages/waiter/order/OrderDetails.jsx
  Line 2:10:    'useAuth' is defined but never used                                                                                   no-unused-vars
  Line 9:10:    'loading' is assigned a value but never used                                                                          no-unused-vars
  Line 10:10:   'error' is assigned a value but never used                                                                            no-unused-vars
  Line 19:6:    React Hook useEffect has a missing dependency: 'fetchOrderDetails'. Either include it or remove the dependency array  react-hooks/exhaustive-deps
  Line 57:5:    Unreachable code                                                                                                      no-unreachable
  Line 146:42:  'window.location.href' is assigned to itself                                                                          no-self-assign

src/pages/waiter/order/OrderList.jsx
  Line 32:28:  'setManualRefreshKey' is assigned a value but never used  no-unused-vars

webpack compiled with 1 warning
Compiling...
Compiled with warnings.

[eslint] 
src/api/inventory.js
  Line 123:7:  'addNewCategory' is assigned a value but never used  no-unused-vars

src/pages/Bartender/Inventory/InventoryRequests.jsx
  Line 4:3:    'ReachRequest' is defined but never used                     no-unused-vars
  Line 5:3:    'NotReachRequest' is defined but never used                  no-unused-vars
  Line 41:31:  'setRefreshStockTrigger' is assigned a value but never used  no-unused-vars
  Line 132:9:  'handleNotReach' is assigned a value but never used          no-unused-vars

src/pages/waiter/order/OrderDetails.jsx
  Line 2:10:    'useAuth' is defined but never used                                                                                   no-unused-vars
  Line 9:10:    'loading' is assigned a value but never used                                                                          no-unused-vars
  Line 10:10:   'error' is assigned a value but never used                                                                            no-unused-vars
  Line 19:6:    React Hook useEffect has a missing dependency: 'fetchOrderDetails'. Either include it or remove the dependency array  react-hooks/exhaustive-deps
  Line 57:5:    Unreachable code                                                                                                      no-unreachable
  Line 146:42:  'window.location.href' is assigned to itself                                                                          no-self-assign

src/pages/waiter/order/OrderList.jsx
  Line 32:28:  'setManualRefreshKey' is assigned a value but never used  no-unused-vars

Search for the keywords to learn more about each warning.
To ignore, add // eslint-disable-next-line to the line before.

WARNING in [eslint] 
src/api/inventory.js
  Line 123:7:  'addNewCategory' is assigned a value but never used  no-unused-vars

src/pages/Bartender/Inventory/InventoryRequests.jsx
  Line 4:3:    'ReachRequest' is defined but never used                     no-unused-vars
  Line 5:3:    'NotReachRequest' is defined but never used                  no-unused-vars
  Line 41:31:  'setRefreshStockTrigger' is assigned a value but never used  no-unused-vars
  Line 132:9:  'handleNotReach' is assigned a value but never used          no-unused-vars

src/pages/waiter/order/OrderDetails.jsx
  Line 2:10:    'useAuth' is defined but never used                                                                                   no-unused-vars
  Line 9:10:    'loading' is assigned a value but never used                                                                          no-unused-vars
  Line 10:10:   'error' is assigned a value but never used                                                                            no-unused-vars
  Line 19:6:    React Hook useEffect has a missing dependency: 'fetchOrderDetails'. Either include it or remove the dependency array  react-hooks/exhaustive-deps
  Line 57:5:    Unreachable code                                                                                                      no-unreachable
  Line 146:42:  'window.location.href' is assigned to itself                                                                          no-self-assign

src/pages/waiter/order/OrderList.jsx
  Line 32:28:  'setManualRefreshKey' is assigned a value but never used  no-unused-vars

webpack compiled with 1 warning
Compiling...
Compiled with warnings.

[eslint] 
src/api/inventory.js
  Line 123:7:  'addNewCategory' is assigned a value but never used  no-unused-vars

src/pages/Bartender/Inventory/InventoryRequests.jsx
  Line 4:3:    'ReachRequest' is defined but never used                     no-unused-vars
  Line 5:3:    'NotReachRequest' is defined but never used                  no-unused-vars
  Line 41:31:  'setRefreshStockTrigger' is assigned a value but never used  no-unused-vars
  Line 132:9:  'handleNotReach' is assigned a value but never used          no-unused-vars

src/pages/waiter/order/OrderDetails.jsx
  Line 2:10:    'useAuth' is defined but never used                                                                                   no-unused-vars
  Line 9:10:    'loading' is assigned a value but never used                                                                          no-unused-vars
  Line 10:10:   'error' is assigned a value but never used                                                                            no-unused-vars
  Line 19:6:    React Hook useEffect has a missing dependency: 'fetchOrderDetails'. Either include it or remove the dependency array  react-hooks/exhaustive-deps
  Line 57:5:    Unreachable code                                                                                                      no-unreachable
  Line 146:42:  'window.location.href' is assigned to itself                                                                          no-self-assign

src/pages/waiter/order/OrderList.jsx
  Line 32:28:  'setManualRefreshKey' is assigned a value but never used  no-unused-vars

Search for the keywords to learn more about each warning.
To ignore, add // eslint-disable-next-line to the line before.

WARNING in [eslint] 
src/api/inventory.js
  Line 123:7:  'addNewCategory' is assigned a value but never used  no-unused-vars

src/pages/Bartender/Inventory/InventoryRequests.jsx
  Line 4:3:    'ReachRequest' is defined but never used                     no-unused-vars
  Line 5:3:    'NotReachRequest' is defined but never used                  no-unused-vars
  Line 41:31:  'setRefreshStockTrigger' is assigned a value but never used  no-unused-vars
  Line 132:9:  'handleNotReach' is assigned a value but never used          no-unused-vars

src/pages/waiter/order/OrderDetails.jsx
  Line 2:10:    'useAuth' is defined but never used                                                                                   no-unused-vars
  Line 9:10:    'loading' is assigned a value but never used                                                                          no-unused-vars
  Line 10:10:   'error' is assigned a value but never used                                                                            no-unused-vars
  Line 19:6:    React Hook useEffect has a missing dependency: 'fetchOrderDetails'. Either include it or remove the dependency array  react-hooks/exhaustive-deps
  Line 57:5:    Unreachable code                                                                                                      no-unreachable
  Line 146:42:  'window.location.href' is assigned to itself                                                                          no-self-assign

src/pages/waiter/order/OrderList.jsx
  Line 32:28:  'setManualRefreshKey' is assigned a value but never used  no-unused-vars

webpack compiled with 1 warning
Compiling...
Compiled with warnings.

[eslint] 
src/api/inventory.js
  Line 123:7:  'addNewCategory' is assigned a value but never used  no-unused-vars

src/pages/Bartender/Inventory/InventoryRequests.jsx
  Line 4:3:    'ReachRequest' is defined but never used                     no-unused-vars
  Line 5:3:    'NotReachRequest' is defined but never used                  no-unused-vars
  Line 41:31:  'setRefreshStockTrigger' is assigned a value but never used  no-unused-vars
  Line 132:9:  'handleNotReach' is assigned a value but never used          no-unused-vars

src/pages/waiter/order/OrderDetails.jsx
  Line 2:10:    'useAuth' is defined but never used                                                                                   no-unused-vars
  Line 9:10:    'loading' is assigned a value but never used                                                                          no-unused-vars
  Line 10:10:   'error' is assigned a value but never used                                                                            no-unused-vars
  Line 19:6:    React Hook useEffect has a missing dependency: 'fetchOrderDetails'. Either include it or remove the dependency array  react-hooks/exhaustive-deps
  Line 57:5:    Unreachable code                                                                                                      no-unreachable
  Line 146:42:  'window.location.href' is assigned to itself                                                                          no-self-assign

src/pages/waiter/order/OrderList.jsx
  Line 32:28:  'setManualRefreshKey' is assigned a value but never used  no-unused-vars

Search for the keywords to learn more about each warning.
To ignore, add // eslint-disable-next-line to the line before.

WARNING in [eslint] 
src/api/inventory.js
  Line 123:7:  'addNewCategory' is assigned a value but never used  no-unused-vars

src/pages/Bartender/Inventory/InventoryRequests.jsx
  Line 4:3:    'ReachRequest' is defined but never used                     no-unused-vars
  Line 5:3:    'NotReachRequest' is defined but never used                  no-unused-vars
  Line 41:31:  'setRefreshStockTrigger' is assigned a value but never used  no-unused-vars
  Line 132:9:  'handleNotReach' is assigned a value but never used          no-unused-vars

src/pages/waiter/order/OrderDetails.jsx
  Line 2:10:    'useAuth' is defined but never used                                                                                   no-unused-vars
  Line 9:10:    'loading' is assigned a value but never used                                                                          no-unused-vars
  Line 10:10:   'error' is assigned a value but never used                                                                            no-unused-vars
  Line 19:6:    React Hook useEffect has a missing dependency: 'fetchOrderDetails'. Either include it or remove the dependency array  react-hooks/exhaustive-deps
  Line 57:5:    Unreachable code                                                                                                      no-unreachable
  Line 146:42:  'window.location.href' is assigned to itself                                                                          no-self-assign

src/pages/waiter/order/OrderList.jsx
  Line 32:28:  'setManualRefreshKey' is assigned a value but never used  no-unused-vars

webpack compiled with 1 warning
Compiling...
Compiled with warnings.

[eslint] 
src/api/inventory.js
  Line 123:7:  'addNewCategory' is assigned a value but never used  no-unused-vars

src/pages/Bartender/Inventory/InventoryRequests.jsx
  Line 4:3:    'ReachRequest' is defined but never used                     no-unused-vars
  Line 5:3:    'NotReachRequest' is defined but never used                  no-unused-vars
  Line 41:31:  'setRefreshStockTrigger' is assigned a value but never used  no-unused-vars
  Line 132:9:  'handleNotReach' is assigned a value but never used          no-unused-vars

src/pages/waiter/order/OrderDetails.jsx
  Line 2:10:    'useAuth' is defined but never used                                                                                   no-unused-vars
  Line 9:10:    'loading' is assigned a value but never used                                                                          no-unused-vars
  Line 10:10:   'error' is assigned a value but never used                                                                            no-unused-vars
  Line 19:6:    React Hook useEffect has a missing dependency: 'fetchOrderDetails'. Either include it or remove the dependency array  react-hooks/exhaustive-deps
  Line 57:5:    Unreachable code                                                                                                      no-unreachable
  Line 146:42:  'window.location.href' is assigned to itself                                                                          no-self-assign

src/pages/waiter/order/OrderList.jsx
  Line 32:28:  'setManualRefreshKey' is assigned a value but never used  no-unused-vars

Search for the keywords to learn more about each warning.
To ignore, add // eslint-disable-next-line to the line before.

WARNING in [eslint] 
src/api/inventory.js
  Line 123:7:  'addNewCategory' is assigned a value but never used  no-unused-vars

src/pages/Bartender/Inventory/InventoryRequests.jsx
  Line 4:3:    'ReachRequest' is defined but never used                     no-unused-vars
  Line 5:3:    'NotReachRequest' is defined but never used                  no-unused-vars
  Line 41:31:  'setRefreshStockTrigger' is assigned a value but never used  no-unused-vars
  Line 132:9:  'handleNotReach' is assigned a value but never used          no-unused-vars

src/pages/waiter/order/OrderDetails.jsx
  Line 2:10:    'useAuth' is defined but never used                                                                                   no-unused-vars
  Line 9:10:    'loading' is assigned a value but never used                                                                          no-unused-vars
  Line 10:10:   'error' is assigned a value but never used                                                                            no-unused-vars
  Line 19:6:    React Hook useEffect has a missing dependency: 'fetchOrderDetails'. Either include it or remove the dependency array  react-hooks/exhaustive-deps
  Line 57:5:    Unreachable code                                                                                                      no-unreachable
  Line 146:42:  'window.location.href' is assigned to itself                                                                          no-self-assign

src/pages/waiter/order/OrderList.jsx
  Line 32:28:  'setManualRefreshKey' is assigned a value but never used  no-unused-vars

webpack compiled with 1 warning
Compiling...
Compiled with warnings.

[eslint] 
src/api/inventory.js
  Line 123:7:  'addNewCategory' is assigned a value but never used  no-unused-vars

src/pages/Bartender/Inventory/InventoryRequests.jsx
  Line 4:3:    'ReachRequest' is defined but never used                     no-unused-vars
  Line 5:3:    'NotReachRequest' is defined but never used                  no-unused-vars
  Line 41:31:  'setRefreshStockTrigger' is assigned a value but never used  no-unused-vars
  Line 132:9:  'handleNotReach' is assigned a value but never used          no-unused-vars

src/pages/waiter/order/OrderDetails.jsx
  Line 2:10:    'useAuth' is defined but never used                                                                                   no-unused-vars
  Line 9:10:    'loading' is assigned a value but never used                                                                          no-unused-vars
  Line 10:10:   'error' is assigned a value but never used                                                                            no-unused-vars
  Line 19:6:    React Hook useEffect has a missing dependency: 'fetchOrderDetails'. Either include it or remove the dependency array  react-hooks/exhaustive-deps
  Line 57:5:    Unreachable code                                                                                                      no-unreachable
  Line 146:42:  'window.location.href' is assigned to itself                                                                          no-self-assign

src/pages/waiter/order/OrderList.jsx
  Line 32:28:  'setManualRefreshKey' is assigned a value but never used  no-unused-vars

Search for the keywords to learn more about each warning.
To ignore, add // eslint-disable-next-line to the line before.

WARNING in [eslint] 
src/api/inventory.js
  Line 123:7:  'addNewCategory' is assigned a value but never used  no-unused-vars

src/pages/Bartender/Inventory/InventoryRequests.jsx
  Line 4:3:    'ReachRequest' is defined but never used                     no-unused-vars
  Line 5:3:    'NotReachRequest' is defined but never used                  no-unused-vars
  Line 41:31:  'setRefreshStockTrigger' is assigned a value but never used  no-unused-vars
  Line 132:9:  'handleNotReach' is assigned a value but never used          no-unused-vars

src/pages/waiter/order/OrderDetails.jsx
  Line 2:10:    'useAuth' is defined but never used                                                                                   no-unused-vars
  Line 9:10:    'loading' is assigned a value but never used                                                                          no-unused-vars
  Line 10:10:   'error' is assigned a value but never used                                                                            no-unused-vars
  Line 19:6:    React Hook useEffect has a missing dependency: 'fetchOrderDetails'. Either include it or remove the dependency array  react-hooks/exhaustive-deps
  Line 57:5:    Unreachable code                                                                                                      no-unreachable
  Line 146:42:  'window.location.href' is assigned to itself                                                                          no-self-assign

src/pages/waiter/order/OrderList.jsx
  Line 32:28:  'setManualRefreshKey' is assigned a value but never used  no-unused-vars

webpack compiled with 1 warning
Compiling...
Compiled with warnings.

[eslint] 
src/api/inventory.js
  Line 123:7:  'addNewCategory' is assigned a value but never used  no-unused-vars

src/pages/Bartender/Inventory/InventoryRequests.jsx
  Line 4:3:    'ReachRequest' is defined but never used                     no-unused-vars
  Line 5:3:    'NotReachRequest' is defined but never used                  no-unused-vars
  Line 41:31:  'setRefreshStockTrigger' is assigned a value but never used  no-unused-vars
  Line 132:9:  'handleNotReach' is assigned a value but never used          no-unused-vars

src/pages/waiter/order/OrderDetails.jsx
  Line 2:10:    'useAuth' is defined but never used                                                                                   no-unused-vars
  Line 9:10:    'loading' is assigned a value but never used                                                                          no-unused-vars
  Line 10:10:   'error' is assigned a value but never used                                                                            no-unused-vars
  Line 19:6:    React Hook useEffect has a missing dependency: 'fetchOrderDetails'. Either include it or remove the dependency array  react-hooks/exhaustive-deps
  Line 57:5:    Unreachable code                                                                                                      no-unreachable
  Line 146:42:  'window.location.href' is assigned to itself                                                                          no-self-assign

src/pages/waiter/order/OrderList.jsx
  Line 32:28:  'setManualRefreshKey' is assigned a value but never used  no-unused-vars

Search for the keywords to learn more about each warning.
To ignore, add // eslint-disable-next-line to the line before.

WARNING in [eslint] 
src/api/inventory.js
  Line 123:7:  'addNewCategory' is assigned a value but never used  no-unused-vars

src/pages/Bartender/Inventory/InventoryRequests.jsx
  Line 4:3:    'ReachRequest' is defined but never used                     no-unused-vars
  Line 5:3:    'NotReachRequest' is defined but never used                  no-unused-vars
  Line 41:31:  'setRefreshStockTrigger' is assigned a value but never used  no-unused-vars
  Line 132:9:  'handleNotReach' is assigned a value but never used          no-unused-vars

src/pages/waiter/order/OrderDetails.jsx
  Line 2:10:    'useAuth' is defined but never used                                                                                   no-unused-vars
  Line 9:10:    'loading' is assigned a value but never used                                                                          no-unused-vars
  Line 10:10:   'error' is assigned a value but never used                                                                            no-unused-vars
  Line 19:6:    React Hook useEffect has a missing dependency: 'fetchOrderDetails'. Either include it or remove the dependency array  react-hooks/exhaustive-deps
  Line 57:5:    Unreachable code                                                                                                      no-unreachable
  Line 146:42:  'window.location.href' is assigned to itself                                                                          no-self-assign

src/pages/waiter/order/OrderList.jsx
  Line 32:28:  'setManualRefreshKey' is assigned a value but never used  no-unused-vars

webpack compiled with 1 warning
